<?xml version="1.0" encoding="UTF-8"?>
<!-- Generated by org.testng.reporters.JUnitReportReporter -->
<testsuite skipped="0" hostname="DESKTOP-I13U05B" name="StepDefinition.RentalCarTC" tests="4" failures="0" timestamp="2020-10-07T10:32:13 EDT" time="3.145" errors="0">
  <testcase name="Setup" time="1.783" classname="StepDefinition.RentalCarTC"/>
  <system-out/>
  <testcase name="PrintBlueTesla" time="0.591" classname="StepDefinition.RentalCarTC"/>
  <system-out/>
  <testcase name="LowestPerDayRent" time="0.288" classname="StepDefinition.RentalCarTC"/>
  <system-out/>
  <testcase name="HighestRevenueCar" time="0.483" classname="StepDefinition.RentalCarTC"/>
  <system-out/>
</testsuite> <!-- StepDefinition.RentalCarTC -->
