<?xml version="1.0" encoding="UTF-8"?>
<!-- Generated by org.testng.reporters.JUnitReportReporter -->
<testsuite skipped="0" hostname="DESKTOP-I13U05B" name="Runner.RentalCarRunner" tests="1" failures="0" timestamp="2020-09-22T21:24:41 EDT" time="0.019" errors="0">
  <testcase name="feature" time="0.019" classname="Runner.RentalCarRunner"/>
  <system-out/>
</testsuite> <!-- Runner.RentalCarRunner -->
