<?xml version="1.0" encoding="UTF-8"?>
<!-- Generated by org.testng.reporters.JUnitReportReporter -->
<testsuite skipped="0" hostname="DESKTOP-I13U05B" name="StepDefinition.TestngDemo" tests="1" failures="0" timestamp="2020-09-20T22:20:39 EDT" time="0.006" errors="0">
  <testcase name="demo" time="0.006" classname="StepDefinition.TestngDemo"/>
  <system-out/>
</testsuite> <!-- StepDefinition.TestngDemo -->
