<?xml version="1.0" encoding="UTF-8"?>
<!-- Generated by org.testng.reporters.JUnitReportReporter -->
<testsuite skipped="0" hostname="DESKTOP-I13U05B" name="StepDefinition.RentalCarTestcases" tests="1" failures="0" timestamp="2020-09-22T01:25:06 EDT" time="0.009" errors="0">
  <testcase name="demo" time="0.009" classname="StepDefinition.RentalCarTestcases"/>
  <system-out/>
</testsuite> <!-- StepDefinition.RentalCarTestcases -->
